{"C:\\Users\\s_13606_dev\\Desktop\\Projet-TP-Node-avancee\\src\\app.js": {"path":"C:\\Users\\s_13606_dev\\Desktop\\Projet-TP-Node-avancee\\src\\app.js","statementMap":{"0":{"start":{"line":2,"column":0},"end":{"line":2,"column":27}},"1":{"start":{"line":3,"column":0},"end":{"line":3,"column":28}},"2":{"start":{"line":5,"column":16},"end":{"line":5,"column":34}},"3":{"start":{"line":6,"column":21},"end":{"line":6,"column":45}},"4":{"start":{"line":7,"column":16},"end":{"line":7,"column":42}},"5":{"start":{"line":8,"column":19},"end":{"line":8,"column":51}},"6":{"start":{"line":9,"column":14},"end":{"line":9,"column":39}},"7":{"start":{"line":10,"column":17},"end":{"line":10,"column":45}},"8":{"start":{"line":12,"column":80},"end":{"line":12,"column":102}},"9":{"start":{"line":14,"column":12},"end":{"line":14,"column":21}},"10":{"start":{"line":17,"column":0},"end":{"line":17,"column":24}},"11":{"start":{"line":18,"column":0},"end":{"line":18,"column":24}},"12":{"start":{"line":21,"column":26},"end":{"line":31,"column":2}},"13":{"start":{"line":32,"column":0},"end":{"line":32,"column":27}},"14":{"start":{"line":35,"column":0},"end":{"line":35,"column":31}},"15":{"start":{"line":36,"column":0},"end":{"line":36,"column":28}},"16":{"start":{"line":39,"column":0},"end":{"line":39,"column":34}},"17":{"start":{"line":46,"column":0},"end":{"line":46,"column":67}},"18":{"start":{"line":47,"column":0},"end":{"line":47,"column":62}},"19":{"start":{"line":48,"column":0},"end":{"line":48,"column":76}},"20":{"start":{"line":49,"column":0},"end":{"line":49,"column":72}},"21":{"start":{"line":50,"column":0},"end":{"line":50,"column":47}},"22":{"start":{"line":51,"column":0},"end":{"line":51,"column":47}},"23":{"start":{"line":53,"column":0},"end":{"line":57,"column":1}},"24":{"start":{"line":54,"column":0},"end":{"line":54,"column":21}},"25":{"start":{"line":56,"column":4},"end":{"line":56,"column":48}}},"fnMap":{},"branchMap":{"0":{"loc":{"start":{"line":53,"column":0},"end":{"line":57,"column":1}},"type":"if","locations":[{"start":{"line":53,"column":0},"end":{"line":57,"column":1}},{"start":{"line":55,"column":7},"end":{"line":57,"column":1}}],"line":53}},"s":{"0":0,"1":0,"2":0,"3":0,"4":0,"5":0,"6":0,"7":0,"8":0,"9":0,"10":0,"11":0,"12":0,"13":0,"14":0,"15":0,"16":0,"17":0,"18":0,"19":0,"20":0,"21":0,"22":0,"23":0,"24":0,"25":0},"f":{},"b":{"0":[0,0]}}
,"C:\\Users\\s_13606_dev\\Desktop\\Projet-TP-Node-avancee\\src\\appold.js": {"path":"C:\\Users\\s_13606_dev\\Desktop\\Projet-TP-Node-avancee\\src\\appold.js","statementMap":{},"fnMap":{},"branchMap":{},"s":{},"f":{},"b":{}}
,"C:\\Users\\s_13606_dev\\Desktop\\Projet-TP-Node-avancee\\src\\container.js": {"path":"C:\\Users\\s_13606_dev\\Desktop\\Projet-TP-Node-avancee\\src\\container.js","statementMap":{"0":{"start":{"line":1,"column":22},"end":{"line":1,"column":44}},"1":{"start":{"line":3,"column":23},"end":{"line":3,"column":63}},"2":{"start":{"line":4,"column":26},"end":{"line":4,"column":69}},"3":{"start":{"line":5,"column":23},"end":{"line":5,"column":63}},"4":{"start":{"line":7,"column":20},"end":{"line":7,"column":53}},"5":{"start":{"line":8,"column":20},"end":{"line":8,"column":53}},"6":{"start":{"line":9,"column":23},"end":{"line":9,"column":59}},"7":{"start":{"line":10,"column":22},"end":{"line":10,"column":58}},"8":{"start":{"line":12,"column":23},"end":{"line":12,"column":62}},"9":{"start":{"line":13,"column":23},"end":{"line":13,"column":62}},"10":{"start":{"line":14,"column":26},"end":{"line":14,"column":68}},"11":{"start":{"line":15,"column":25},"end":{"line":15,"column":67}},"12":{"start":{"line":17,"column":23},"end":{"line":17,"column":56}},"13":{"start":{"line":18,"column":26},"end":{"line":18,"column":62}},"14":{"start":{"line":19,"column":23},"end":{"line":19,"column":56}},"15":{"start":{"line":21,"column":20},"end":{"line":21,"column":51}},"16":{"start":{"line":22,"column":20},"end":{"line":22,"column":51}},"17":{"start":{"line":23,"column":23},"end":{"line":23,"column":60}},"18":{"start":{"line":24,"column":22},"end":{"line":24,"column":55}},"19":{"start":{"line":26,"column":0},"end":{"line":31,"column":2}}},"fnMap":{},"branchMap":{},"s":{"0":0,"1":0,"2":0,"3":0,"4":0,"5":0,"6":0,"7":0,"8":0,"9":0,"10":0,"11":0,"12":0,"13":0,"14":0,"15":0,"16":0,"17":0,"18":0,"19":0},"f":{},"b":{}}
,"C:\\Users\\s_13606_dev\\Desktop\\Projet-TP-Node-avancee\\src\\server.js": {"path":"C:\\Users\\s_13606_dev\\Desktop\\Projet-TP-Node-avancee\\src\\server.js","statementMap":{"0":{"start":{"line":2,"column":0},"end":{"line":2,"column":27}},"1":{"start":{"line":3,"column":0},"end":{"line":3,"column":28}},"2":{"start":{"line":4,"column":0},"end":{"line":4,"column":28}},"3":{"start":{"line":6,"column":22},"end":{"line":6,"column":58}},"4":{"start":{"line":8,"column":22},"end":{"line":8,"column":41}},"5":{"start":{"line":9,"column":0},"end":{"line":10,"column":86}},"6":{"start":{"line":10,"column":18},"end":{"line":10,"column":84}},"7":{"start":{"line":12,"column":13},"end":{"line":12,"column":28}},"8":{"start":{"line":13,"column":16},"end":{"line":13,"column":34}},"9":{"start":{"line":14,"column":11},"end":{"line":14,"column":24}},"10":{"start":{"line":15,"column":19},"end":{"line":15,"column":39}},"11":{"start":{"line":17,"column":22},"end":{"line":17,"column":44}},"12":{"start":{"line":19,"column":18},"end":{"line":19,"column":34}},"13":{"start":{"line":21,"column":12},"end":{"line":21,"column":38}},"14":{"start":{"line":22,"column":26},"end":{"line":22,"column":53}},"15":{"start":{"line":24,"column":13},"end":{"line":24,"column":37}},"16":{"start":{"line":27,"column":4},"end":{"line":27,"column":37}},"17":{"start":{"line":28,"column":4},"end":{"line":28,"column":38}},"18":{"start":{"line":30,"column":23},"end":{"line":30,"column":45}},"19":{"start":{"line":32,"column":15},"end":{"line":38,"column":6}},"20":{"start":{"line":41,"column":17},"end":{"line":42,"column":44}},"21":{"start":{"line":41,"column":31},"end":{"line":42,"column":44}},"22":{"start":{"line":42,"column":8},"end":{"line":42,"column":44}},"23":{"start":{"line":44,"column":4},"end":{"line":44,"column":36}},"24":{"start":{"line":45,"column":4},"end":{"line":45,"column":60}},"25":{"start":{"line":46,"column":4},"end":{"line":46,"column":57}},"26":{"start":{"line":49,"column":4},"end":{"line":52,"column":7}},"27":{"start":{"line":50,"column":8},"end":{"line":51,"column":45}},"28":{"start":{"line":50,"column":33},"end":{"line":50,"column":40}},"29":{"start":{"line":51,"column":13},"end":{"line":51,"column":45}},"30":{"start":{"line":55,"column":4},"end":{"line":55,"column":53}},"31":{"start":{"line":57,"column":4},"end":{"line":59,"column":7}},"32":{"start":{"line":58,"column":8},"end":{"line":58,"column":54}},"33":{"start":{"line":62,"column":0},"end":{"line":71,"column":1}},"34":{"start":{"line":63,"column":21},"end":{"line":63,"column":46}},"35":{"start":{"line":64,"column":4},"end":{"line":64,"column":59}},"36":{"start":{"line":66,"column":4},"end":{"line":66,"column":54}},"37":{"start":{"line":66,"column":17},"end":{"line":66,"column":18}},"38":{"start":{"line":66,"column":39},"end":{"line":66,"column":54}},"39":{"start":{"line":68,"column":4},"end":{"line":68,"column":45}},"40":{"start":{"line":68,"column":29},"end":{"line":68,"column":43}},"41":{"start":{"line":70,"column":4},"end":{"line":70,"column":18}}},"fnMap":{"0":{"name":"(anonymous_0)","decl":{"start":{"line":10,"column":11},"end":{"line":10,"column":12}},"loc":{"start":{"line":10,"column":18},"end":{"line":10,"column":84}},"line":10},"1":{"name":"startServer","decl":{"start":{"line":26,"column":15},"end":{"line":26,"column":26}},"loc":{"start":{"line":26,"column":29},"end":{"line":60,"column":1}},"line":26},"2":{"name":"(anonymous_2)","decl":{"start":{"line":41,"column":17},"end":{"line":41,"column":18}},"loc":{"start":{"line":41,"column":31},"end":{"line":42,"column":44}},"line":41},"3":{"name":"(anonymous_3)","decl":{"start":{"line":41,"column":31},"end":{"line":41,"column":32}},"loc":{"start":{"line":42,"column":8},"end":{"line":42,"column":44}},"line":42},"4":{"name":"(anonymous_4)","decl":{"start":{"line":49,"column":11},"end":{"line":49,"column":12}},"loc":{"start":{"line":49,"column":29},"end":{"line":52,"column":5}},"line":49},"5":{"name":"(anonymous_5)","decl":{"start":{"line":57,"column":28},"end":{"line":57,"column":29}},"loc":{"start":{"line":57,"column":34},"end":{"line":59,"column":5}},"line":57},"6":{"name":"(anonymous_6)","decl":{"start":{"line":68,"column":23},"end":{"line":68,"column":24}},"loc":{"start":{"line":68,"column":29},"end":{"line":68,"column":43}},"line":68}},"branchMap":{"0":{"loc":{"start":{"line":21,"column":12},"end":{"line":21,"column":38}},"type":"binary-expr","locations":[{"start":{"line":21,"column":12},"end":{"line":21,"column":25}},{"start":{"line":21,"column":29},"end":{"line":21,"column":38}}],"line":21},"1":{"loc":{"start":{"line":24,"column":13},"end":{"line":24,"column":37}},"type":"binary-expr","locations":[{"start":{"line":24,"column":13},"end":{"line":24,"column":29}},{"start":{"line":24,"column":33},"end":{"line":24,"column":37}}],"line":24},"2":{"loc":{"start":{"line":50,"column":8},"end":{"line":51,"column":45}},"type":"if","locations":[{"start":{"line":50,"column":8},"end":{"line":51,"column":45}},{"start":{"line":51,"column":13},"end":{"line":51,"column":45}}],"line":50},"3":{"loc":{"start":{"line":62,"column":0},"end":{"line":71,"column":1}},"type":"if","locations":[{"start":{"line":62,"column":0},"end":{"line":71,"column":1}},{"start":{"line":69,"column":7},"end":{"line":71,"column":1}}],"line":62}},"s":{"0":0,"1":0,"2":0,"3":0,"4":0,"5":0,"6":0,"7":0,"8":0,"9":0,"10":0,"11":0,"12":0,"13":0,"14":0,"15":0,"16":0,"17":0,"18":0,"19":0,"20":0,"21":0,"22":0,"23":0,"24":0,"25":0,"26":0,"27":0,"28":0,"29":0,"30":0,"31":0,"32":0,"33":0,"34":0,"35":0,"36":0,"37":0,"38":0,"39":0,"40":0,"41":0},"f":{"0":0,"1":0,"2":0,"3":0,"4":0,"5":0,"6":0},"b":{"0":[0,0],"1":[0,0],"2":[0,0],"3":[0,0]}}
,"C:\\Users\\s_13606_dev\\Desktop\\Projet-TP-Node-avancee\\src\\socketHandlers.js": {"path":"C:\\Users\\s_13606_dev\\Desktop\\Projet-TP-Node-avancee\\src\\socketHandlers.js","statementMap":{"0":{"start":{"line":2,"column":22},"end":{"line":2,"column":44}},"1":{"start":{"line":4,"column":0},"end":{"line":60,"column":2}},"2":{"start":{"line":5,"column":30},"end":{"line":5,"column":68}},"3":{"start":{"line":7,"column":4},"end":{"line":59,"column":6}},"4":{"start":{"line":8,"column":21},"end":{"line":8,"column":40}},"5":{"start":{"line":10,"column":8},"end":{"line":10,"column":76}},"6":{"start":{"line":13,"column":8},"end":{"line":13,"column":39}},"7":{"start":{"line":14,"column":8},"end":{"line":14,"column":31}},"8":{"start":{"line":16,"column":8},"end":{"line":16,"column":80}},"9":{"start":{"line":19,"column":8},"end":{"line":26,"column":11}},"10":{"start":{"line":20,"column":12},"end":{"line":20,"column":65}},"11":{"start":{"line":22,"column":12},"end":{"line":25,"column":15}},"12":{"start":{"line":29,"column":8},"end":{"line":53,"column":11}},"13":{"start":{"line":30,"column":12},"end":{"line":52,"column":13}},"14":{"start":{"line":31,"column":16},"end":{"line":31,"column":72}},"15":{"start":{"line":31,"column":65},"end":{"line":31,"column":72}},"16":{"start":{"line":33,"column":35},"end":{"line":37,"column":18}},"17":{"start":{"line":39,"column":16},"end":{"line":39,"column":57}},"18":{"start":{"line":41,"column":16},"end":{"line":41,"column":76}},"19":{"start":{"line":43,"column":16},"end":{"line":47,"column":19}},"20":{"start":{"line":50,"column":16},"end":{"line":50,"column":69}},"21":{"start":{"line":51,"column":16},"end":{"line":51,"column":89}},"22":{"start":{"line":56,"column":8},"end":{"line":58,"column":11}},"23":{"start":{"line":57,"column":12},"end":{"line":57,"column":69}}},"fnMap":{"0":{"name":"(anonymous_0)","decl":{"start":{"line":4,"column":17},"end":{"line":4,"column":18}},"loc":{"start":{"line":4,"column":25},"end":{"line":60,"column":1}},"line":4},"1":{"name":"(anonymous_1)","decl":{"start":{"line":7,"column":11},"end":{"line":7,"column":12}},"loc":{"start":{"line":7,"column":29},"end":{"line":59,"column":5}},"line":7},"2":{"name":"(anonymous_2)","decl":{"start":{"line":19,"column":29},"end":{"line":19,"column":30}},"loc":{"start":{"line":19,"column":39},"end":{"line":26,"column":9}},"line":19},"3":{"name":"(anonymous_3)","decl":{"start":{"line":29,"column":34},"end":{"line":29,"column":35}},"loc":{"start":{"line":29,"column":50},"end":{"line":53,"column":9}},"line":29},"4":{"name":"(anonymous_4)","decl":{"start":{"line":56,"column":32},"end":{"line":56,"column":33}},"loc":{"start":{"line":56,"column":38},"end":{"line":58,"column":9}},"line":56}},"branchMap":{"0":{"loc":{"start":{"line":31,"column":16},"end":{"line":31,"column":72}},"type":"if","locations":[{"start":{"line":31,"column":16},"end":{"line":31,"column":72}},{"start":{},"end":{}}],"line":31},"1":{"loc":{"start":{"line":31,"column":20},"end":{"line":31,"column":63}},"type":"binary-expr","locations":[{"start":{"line":31,"column":20},"end":{"line":31,"column":33}},{"start":{"line":31,"column":37},"end":{"line":31,"column":63}}],"line":31}},"s":{"0":0,"1":0,"2":0,"3":0,"4":0,"5":0,"6":0,"7":0,"8":0,"9":0,"10":0,"11":0,"12":0,"13":0,"14":0,"15":0,"16":0,"17":0,"18":0,"19":0,"20":0,"21":0,"22":0,"23":0},"f":{"0":0,"1":0,"2":0,"3":0,"4":0},"b":{"0":[0,0],"1":[0,0]}}
,"C:\\Users\\s_13606_dev\\Desktop\\Projet-TP-Node-avancee\\src\\config\\db.js": {"path":"C:\\Users\\s_13606_dev\\Desktop\\Projet-TP-Node-avancee\\src\\config\\db.js","statementMap":{"0":{"start":{"line":1,"column":23},"end":{"line":1,"column":41}},"1":{"start":{"line":2,"column":13},"end":{"line":2,"column":40}},"2":{"start":{"line":3,"column":16},"end":{"line":3,"column":46}},"3":{"start":{"line":4,"column":13},"end":{"line":4,"column":40}},"4":{"start":{"line":6,"column":22},"end":{"line":12,"column":2}},"5":{"start":{"line":14,"column":0},"end":{"line":14,"column":31}}},"fnMap":{},"branchMap":{},"s":{"0":0,"1":0,"2":0,"3":0,"4":0,"5":0},"f":{},"b":{}}
,"C:\\Users\\s_13606_dev\\Desktop\\Projet-TP-Node-avancee\\src\\config\\elastic.js": {"path":"C:\\Users\\s_13606_dev\\Desktop\\Projet-TP-Node-avancee\\src\\config\\elastic.js","statementMap":{"0":{"start":{"line":1,"column":19},"end":{"line":1,"column":52}},"1":{"start":{"line":5,"column":15},"end":{"line":7,"column":2}},"2":{"start":{"line":10,"column":0},"end":{"line":19,"column":3}},"3":{"start":{"line":12,"column":4},"end":{"line":12,"column":77}},"4":{"start":{"line":13,"column":4},"end":{"line":13,"column":77}},"5":{"start":{"line":16,"column":4},"end":{"line":16,"column":67}},"6":{"start":{"line":17,"column":4},"end":{"line":17,"column":46}},"7":{"start":{"line":18,"column":4},"end":{"line":18,"column":89}},"8":{"start":{"line":20,"column":0},"end":{"line":20,"column":24}}},"fnMap":{"0":{"name":"(anonymous_0)","decl":{"start":{"line":11,"column":6},"end":{"line":11,"column":7}},"loc":{"start":{"line":11,"column":18},"end":{"line":14,"column":1}},"line":11},"1":{"name":"(anonymous_1)","decl":{"start":{"line":15,"column":7},"end":{"line":15,"column":8}},"loc":{"start":{"line":15,"column":16},"end":{"line":19,"column":1}},"line":15}},"branchMap":{"0":{"loc":{"start":{"line":6,"column":10},"end":{"line":6,"column":61}},"type":"binary-expr","locations":[{"start":{"line":6,"column":10},"end":{"line":6,"column":34}},{"start":{"line":6,"column":38},"end":{"line":6,"column":61}}],"line":6}},"s":{"0":0,"1":0,"2":0,"3":0,"4":0,"5":0,"6":0,"7":0,"8":0},"f":{"0":0,"1":0},"b":{"0":[0,0]}}
,"C:\\Users\\s_13606_dev\\Desktop\\Projet-TP-Node-avancee\\src\\config\\passport.js": {"path":"C:\\Users\\s_13606_dev\\Desktop\\Projet-TP-Node-avancee\\src\\config\\passport.js","statementMap":{"0":{"start":{"line":1,"column":17},"end":{"line":1,"column":36}},"1":{"start":{"line":2,"column":22},"end":{"line":2,"column":56}},"2":{"start":{"line":3,"column":15},"end":{"line":3,"column":34}},"3":{"start":{"line":4,"column":22},"end":{"line":4,"column":37}},"4":{"start":{"line":6,"column":0},"end":{"line":24,"column":4}},"5":{"start":{"line":7,"column":4},"end":{"line":23,"column":5}},"6":{"start":{"line":8,"column":31},"end":{"line":8,"column":66}},"7":{"start":{"line":9,"column":21},"end":{"line":9,"column":65}},"8":{"start":{"line":11,"column":8},"end":{"line":13,"column":9}},"9":{"start":{"line":12,"column":12},"end":{"line":12,"column":76}},"10":{"start":{"line":15,"column":24},"end":{"line":15,"column":69}},"11":{"start":{"line":16,"column":8},"end":{"line":18,"column":9}},"12":{"start":{"line":17,"column":12},"end":{"line":17,"column":76}},"13":{"start":{"line":20,"column":8},"end":{"line":20,"column":32}},"14":{"start":{"line":22,"column":8},"end":{"line":22,"column":25}},"15":{"start":{"line":26,"column":0},"end":{"line":28,"column":3}},"16":{"start":{"line":27,"column":4},"end":{"line":27,"column":24}},"17":{"start":{"line":30,"column":0},"end":{"line":38,"column":3}},"18":{"start":{"line":31,"column":4},"end":{"line":37,"column":5}},"19":{"start":{"line":32,"column":31},"end":{"line":32,"column":66}},"20":{"start":{"line":33,"column":21},"end":{"line":33,"column":59}},"21":{"start":{"line":34,"column":8},"end":{"line":34,"column":25}},"22":{"start":{"line":36,"column":8},"end":{"line":36,"column":18}},"23":{"start":{"line":40,"column":0},"end":{"line":40,"column":26}}},"fnMap":{"0":{"name":"(anonymous_0)","decl":{"start":{"line":6,"column":31},"end":{"line":6,"column":32}},"loc":{"start":{"line":6,"column":67},"end":{"line":24,"column":1}},"line":6},"1":{"name":"(anonymous_1)","decl":{"start":{"line":26,"column":23},"end":{"line":26,"column":24}},"loc":{"start":{"line":26,"column":39},"end":{"line":28,"column":1}},"line":26},"2":{"name":"(anonymous_2)","decl":{"start":{"line":30,"column":25},"end":{"line":30,"column":26}},"loc":{"start":{"line":30,"column":45},"end":{"line":38,"column":1}},"line":30}},"branchMap":{"0":{"loc":{"start":{"line":11,"column":8},"end":{"line":13,"column":9}},"type":"if","locations":[{"start":{"line":11,"column":8},"end":{"line":13,"column":9}},{"start":{},"end":{}}],"line":11},"1":{"loc":{"start":{"line":16,"column":8},"end":{"line":18,"column":9}},"type":"if","locations":[{"start":{"line":16,"column":8},"end":{"line":18,"column":9}},{"start":{},"end":{}}],"line":16}},"s":{"0":0,"1":0,"2":0,"3":0,"4":0,"5":0,"6":0,"7":0,"8":0,"9":0,"10":0,"11":0,"12":0,"13":0,"14":0,"15":0,"16":0,"17":0,"18":0,"19":0,"20":0,"21":0,"22":0,"23":0},"f":{"0":0,"1":0,"2":0},"b":{"0":[0,0],"1":[0,0]}}
,"C:\\Users\\s_13606_dev\\Desktop\\Projet-TP-Node-avancee\\src\\config\\redis.js": {"path":"C:\\Users\\s_13606_dev\\Desktop\\Projet-TP-Node-avancee\\src\\config\\redis.js","statementMap":{"0":{"start":{"line":1,"column":14},"end":{"line":1,"column":32}},"1":{"start":{"line":3,"column":14},"end":{"line":6,"column":2}},"2":{"start":{"line":8,"column":0},"end":{"line":10,"column":3}},"3":{"start":{"line":9,"column":4},"end":{"line":9,"column":31}},"4":{"start":{"line":12,"column":0},"end":{"line":14,"column":3}},"5":{"start":{"line":13,"column":4},"end":{"line":13,"column":39}},"6":{"start":{"line":16,"column":0},"end":{"line":16,"column":23}}},"fnMap":{"0":{"name":"(anonymous_0)","decl":{"start":{"line":8,"column":20},"end":{"line":8,"column":21}},"loc":{"start":{"line":8,"column":26},"end":{"line":10,"column":1}},"line":8},"1":{"name":"(anonymous_1)","decl":{"start":{"line":12,"column":18},"end":{"line":12,"column":19}},"loc":{"start":{"line":12,"column":27},"end":{"line":14,"column":1}},"line":12}},"branchMap":{"0":{"loc":{"start":{"line":4,"column":10},"end":{"line":4,"column":47}},"type":"binary-expr","locations":[{"start":{"line":4,"column":10},"end":{"line":4,"column":32}},{"start":{"line":4,"column":36},"end":{"line":4,"column":47}}],"line":4},"1":{"loc":{"start":{"line":5,"column":10},"end":{"line":5,"column":40}},"type":"binary-expr","locations":[{"start":{"line":5,"column":10},"end":{"line":5,"column":32}},{"start":{"line":5,"column":36},"end":{"line":5,"column":40}}],"line":5}},"s":{"0":0,"1":0,"2":0,"3":0,"4":0,"5":0,"6":0},"f":{"0":0,"1":0},"b":{"0":[0,0],"1":[0,0]}}
,"C:\\Users\\s_13606_dev\\Desktop\\Projet-TP-Node-avancee\\src\\controllers\\AuthController.js": {"path":"C:\\Users\\s_13606_dev\\Desktop\\Projet-TP-Node-avancee\\src\\controllers\\AuthController.js","statementMap":{"0":{"start":{"line":1,"column":23},"end":{"line":1,"column":56}},"1":{"start":{"line":5,"column":8},"end":{"line":5,"column":27}},"2":{"start":{"line":7,"column":8},"end":{"line":7,"column":39}},"3":{"start":{"line":10,"column":39},"end":{"line":10,"column":47}},"4":{"start":{"line":11,"column":8},"end":{"line":24,"column":9}},"5":{"start":{"line":12,"column":27},"end":{"line":12,"column":78}},"6":{"start":{"line":13,"column":12},"end":{"line":13,"column":52}},"7":{"start":{"line":16,"column":12},"end":{"line":18,"column":13}},"8":{"start":{"line":17,"column":16},"end":{"line":17,"column":72}},"9":{"start":{"line":19,"column":12},"end":{"line":21,"column":13}},"10":{"start":{"line":20,"column":16},"end":{"line":20,"column":72}},"11":{"start":{"line":23,"column":12},"end":{"line":23,"column":24}},"12":{"start":{"line":29,"column":4},"end":{"line":29,"column":63}},"13":{"start":{"line":33,"column":8},"end":{"line":33,"column":32}},"14":{"start":{"line":34,"column":8},"end":{"line":36,"column":9}},"15":{"start":{"line":35,"column":12},"end":{"line":35,"column":69}},"16":{"start":{"line":37,"column":8},"end":{"line":37,"column":27}},"17":{"start":{"line":41,"column":8},"end":{"line":44,"column":11}},"18":{"start":{"line":42,"column":12},"end":{"line":42,"column":42}},"19":{"start":{"line":42,"column":23},"end":{"line":42,"column":40}},"20":{"start":{"line":43,"column":12},"end":{"line":43,"column":48}},"21":{"start":{"line":48,"column":0},"end":{"line":48,"column":32}}},"fnMap":{"0":{"name":"(anonymous_0)","decl":{"start":{"line":4,"column":4},"end":{"line":4,"column":5}},"loc":{"start":{"line":4,"column":29},"end":{"line":8,"column":5}},"line":4},"1":{"name":"(anonymous_1)","decl":{"start":{"line":9,"column":4},"end":{"line":9,"column":5}},"loc":{"start":{"line":9,"column":29},"end":{"line":25,"column":5}},"line":9},"2":{"name":"(anonymous_2)","decl":{"start":{"line":26,"column":4},"end":{"line":26,"column":5}},"loc":{"start":{"line":26,"column":20},"end":{"line":30,"column":5}},"line":26},"3":{"name":"(anonymous_3)","decl":{"start":{"line":32,"column":4},"end":{"line":32,"column":5}},"loc":{"start":{"line":32,"column":25},"end":{"line":38,"column":5}},"line":32},"4":{"name":"(anonymous_4)","decl":{"start":{"line":40,"column":4},"end":{"line":40,"column":5}},"loc":{"start":{"line":40,"column":27},"end":{"line":45,"column":5}},"line":40},"5":{"name":"(anonymous_5)","decl":{"start":{"line":41,"column":19},"end":{"line":41,"column":20}},"loc":{"start":{"line":41,"column":28},"end":{"line":44,"column":9}},"line":41}},"branchMap":{"0":{"loc":{"start":{"line":16,"column":12},"end":{"line":18,"column":13}},"type":"if","locations":[{"start":{"line":16,"column":12},"end":{"line":18,"column":13}},{"start":{},"end":{}}],"line":16},"1":{"loc":{"start":{"line":19,"column":12},"end":{"line":21,"column":13}},"type":"if","locations":[{"start":{"line":19,"column":12},"end":{"line":21,"column":13}},{"start":{},"end":{}}],"line":19},"2":{"loc":{"start":{"line":34,"column":8},"end":{"line":36,"column":9}},"type":"if","locations":[{"start":{"line":34,"column":8},"end":{"line":36,"column":9}},{"start":{},"end":{}}],"line":34},"3":{"loc":{"start":{"line":42,"column":12},"end":{"line":42,"column":42}},"type":"if","locations":[{"start":{"line":42,"column":12},"end":{"line":42,"column":42}},{"start":{},"end":{}}],"line":42}},"s":{"0":0,"1":0,"2":0,"3":0,"4":0,"5":0,"6":0,"7":0,"8":0,"9":0,"10":0,"11":0,"12":0,"13":0,"14":0,"15":0,"16":0,"17":0,"18":0,"19":0,"20":0,"21":0},"f":{"0":0,"1":0,"2":0,"3":0,"4":0,"5":0},"b":{"0":[0,0],"1":[0,0],"2":[0,0],"3":[0,0]}}
,"C:\\Users\\s_13606_dev\\Desktop\\Projet-TP-Node-avancee\\src\\controllers\\HeavyComputationController.js": {"path":"C:\\Users\\s_13606_dev\\Desktop\\Projet-TP-Node-avancee\\src\\controllers\\HeavyComputationController.js","statementMap":{"0":{"start":{"line":1,"column":19},"end":{"line":1,"column":44}},"1":{"start":{"line":2,"column":16},"end":{"line":2,"column":34}},"2":{"start":{"line":3,"column":16},"end":{"line":3,"column":34}},"3":{"start":{"line":4,"column":13},"end":{"line":4,"column":28}},"4":{"start":{"line":5,"column":17},"end":{"line":5,"column":41}},"5":{"start":{"line":8,"column":13},"end":{"line":11,"column":2}},"6":{"start":{"line":18,"column":8},"end":{"line":18,"column":78}},"7":{"start":{"line":21,"column":24},"end":{"line":21,"column":71}},"8":{"start":{"line":23,"column":8},"end":{"line":46,"column":11}},"9":{"start":{"line":24,"column":12},"end":{"line":32,"column":13}},"10":{"start":{"line":25,"column":16},"end":{"line":31,"column":19}},"11":{"start":{"line":35,"column":12},"end":{"line":37,"column":13}},"12":{"start":{"line":36,"column":16},"end":{"line":36,"column":50}},"13":{"start":{"line":38,"column":12},"end":{"line":38,"column":71}},"14":{"start":{"line":40,"column":12},"end":{"line":45,"column":15}},"15":{"start":{"line":50,"column":8},"end":{"line":50,"column":71}},"16":{"start":{"line":51,"column":26},"end":{"line":51,"column":36}},"17":{"start":{"line":52,"column":16},"end":{"line":52,"column":17}},"18":{"start":{"line":53,"column":8},"end":{"line":55,"column":9}},"19":{"start":{"line":53,"column":18},"end":{"line":53,"column":19}},"20":{"start":{"line":54,"column":12},"end":{"line":54,"column":18}},"21":{"start":{"line":56,"column":24},"end":{"line":56,"column":34}},"22":{"start":{"line":58,"column":26},"end":{"line":58,"column":45}},"23":{"start":{"line":59,"column":8},"end":{"line":59,"column":56}},"24":{"start":{"line":60,"column":8},"end":{"line":60,"column":71}},"25":{"start":{"line":64,"column":8},"end":{"line":64,"column":64}},"26":{"start":{"line":65,"column":22},"end":{"line":65,"column":32}},"27":{"start":{"line":67,"column":27},"end":{"line":67,"column":74}},"28":{"start":{"line":69,"column":23},"end":{"line":71,"column":10}},"29":{"start":{"line":73,"column":8},"end":{"line":83,"column":11}},"30":{"start":{"line":74,"column":29},"end":{"line":74,"column":47}},"31":{"start":{"line":75,"column":12},"end":{"line":75,"column":75}},"32":{"start":{"line":76,"column":12},"end":{"line":82,"column":15}},"33":{"start":{"line":85,"column":8},"end":{"line":88,"column":11}},"34":{"start":{"line":86,"column":12},"end":{"line":86,"column":31}},"35":{"start":{"line":87,"column":12},"end":{"line":87,"column":57}},"36":{"start":{"line":92,"column":8},"end":{"line":109,"column":9}},"37":{"start":{"line":93,"column":26},"end":{"line":93,"column":36}},"38":{"start":{"line":95,"column":27},"end":{"line":95,"column":69}},"39":{"start":{"line":97,"column":29},"end":{"line":97,"column":47}},"40":{"start":{"line":99,"column":12},"end":{"line":105,"column":15}},"41":{"start":{"line":108,"column":12},"end":{"line":108,"column":57}},"42":{"start":{"line":112,"column":0},"end":{"line":112,"column":44}}},"fnMap":{"0":{"name":"(anonymous_0)","decl":{"start":{"line":17,"column":4},"end":{"line":17,"column":5}},"loc":{"start":{"line":17,"column":36},"end":{"line":47,"column":5}},"line":17},"1":{"name":"(anonymous_1)","decl":{"start":{"line":23,"column":22},"end":{"line":23,"column":23}},"loc":{"start":{"line":23,"column":49},"end":{"line":46,"column":9}},"line":23},"2":{"name":"(anonymous_2)","decl":{"start":{"line":49,"column":4},"end":{"line":49,"column":5}},"loc":{"start":{"line":49,"column":40},"end":{"line":61,"column":5}},"line":49},"3":{"name":"(anonymous_3)","decl":{"start":{"line":63,"column":4},"end":{"line":63,"column":5}},"loc":{"start":{"line":63,"column":38},"end":{"line":89,"column":5}},"line":63},"4":{"name":"(anonymous_4)","decl":{"start":{"line":73,"column":29},"end":{"line":73,"column":30}},"loc":{"start":{"line":73,"column":41},"end":{"line":83,"column":9}},"line":73},"5":{"name":"(anonymous_5)","decl":{"start":{"line":85,"column":27},"end":{"line":85,"column":28}},"loc":{"start":{"line":85,"column":36},"end":{"line":88,"column":9}},"line":85},"6":{"name":"(anonymous_6)","decl":{"start":{"line":91,"column":4},"end":{"line":91,"column":5}},"loc":{"start":{"line":91,"column":39},"end":{"line":110,"column":5}},"line":91}},"branchMap":{"0":{"loc":{"start":{"line":21,"column":24},"end":{"line":21,"column":71}},"type":"cond-expr","locations":[{"start":{"line":21,"column":55},"end":{"line":21,"column":60}},{"start":{"line":21,"column":63},"end":{"line":21,"column":71}}],"line":21},"1":{"loc":{"start":{"line":24,"column":12},"end":{"line":32,"column":13}},"type":"if","locations":[{"start":{"line":24,"column":12},"end":{"line":32,"column":13}},{"start":{},"end":{}}],"line":24},"2":{"loc":{"start":{"line":35,"column":12},"end":{"line":37,"column":13}},"type":"if","locations":[{"start":{"line":35,"column":12},"end":{"line":37,"column":13}},{"start":{},"end":{}}],"line":35}},"s":{"0":0,"1":0,"2":0,"3":0,"4":0,"5":0,"6":0,"7":0,"8":0,"9":0,"10":0,"11":0,"12":0,"13":0,"14":0,"15":0,"16":0,"17":0,"18":0,"19":0,"20":0,"21":0,"22":0,"23":0,"24":0,"25":0,"26":0,"27":0,"28":0,"29":0,"30":0,"31":0,"32":0,"33":0,"34":0,"35":0,"36":0,"37":0,"38":0,"39":0,"40":0,"41":0,"42":0},"f":{"0":0,"1":0,"2":0,"3":0,"4":0,"5":0,"6":0},"b":{"0":[0,0],"1":[0,0],"2":[0,0]}}
,"C:\\Users\\s_13606_dev\\Desktop\\Projet-TP-Node-avancee\\src\\controllers\\ProductController.js": {"path":"C:\\Users\\s_13606_dev\\Desktop\\Projet-TP-Node-avancee\\src\\controllers\\ProductController.js","statementMap":{"0":{"start":{"line":1,"column":23},"end":{"line":1,"column":56}},"1":{"start":{"line":4,"column":8},"end":{"line":4,"column":23}},"2":{"start":{"line":7,"column":8},"end":{"line":17,"column":9}},"3":{"start":{"line":8,"column":32},"end":{"line":8,"column":59}},"4":{"start":{"line":9,"column":12},"end":{"line":11,"column":13}},"5":{"start":{"line":10,"column":16},"end":{"line":10,"column":83}},"6":{"start":{"line":12,"column":12},"end":{"line":12,"column":51}},"7":{"start":{"line":13,"column":12},"end":{"line":13,"column":76}},"8":{"start":{"line":15,"column":12},"end":{"line":15,"column":53}},"9":{"start":{"line":16,"column":12},"end":{"line":16,"column":95}},"10":{"start":{"line":20,"column":8},"end":{"line":33,"column":9}},"11":{"start":{"line":22,"column":12},"end":{"line":22,"column":54}},"12":{"start":{"line":23,"column":12},"end":{"line":23,"column":95}},"13":{"start":{"line":25,"column":12},"end":{"line":25,"column":50}},"14":{"start":{"line":27,"column":12},"end":{"line":27,"column":53}},"15":{"start":{"line":28,"column":12},"end":{"line":32,"column":13}},"16":{"start":{"line":29,"column":16},"end":{"line":29,"column":89}},"17":{"start":{"line":31,"column":16},"end":{"line":31,"column":26}},"18":{"start":{"line":36,"column":0},"end":{"line":36,"column":35}}},"fnMap":{"0":{"name":"(anonymous_0)","decl":{"start":{"line":3,"column":4},"end":{"line":3,"column":5}},"loc":{"start":{"line":3,"column":25},"end":{"line":5,"column":5}},"line":3},"1":{"name":"(anonymous_1)","decl":{"start":{"line":6,"column":4},"end":{"line":6,"column":5}},"loc":{"start":{"line":6,"column":35},"end":{"line":18,"column":5}},"line":6},"2":{"name":"(anonymous_2)","decl":{"start":{"line":19,"column":4},"end":{"line":19,"column":5}},"loc":{"start":{"line":19,"column":35},"end":{"line":34,"column":5}},"line":19}},"branchMap":{"0":{"loc":{"start":{"line":9,"column":12},"end":{"line":11,"column":13}},"type":"if","locations":[{"start":{"line":9,"column":12},"end":{"line":11,"column":13}},{"start":{},"end":{}}],"line":9},"1":{"loc":{"start":{"line":9,"column":16},"end":{"line":9,"column":120}},"type":"binary-expr","locations":[{"start":{"line":9,"column":16},"end":{"line":9,"column":28}},{"start":{"line":9,"column":33},"end":{"line":9,"column":66}},{"start":{"line":9,"column":70},"end":{"line":9,"column":119}}],"line":9},"2":{"loc":{"start":{"line":28,"column":12},"end":{"line":32,"column":13}},"type":"if","locations":[{"start":{"line":28,"column":12},"end":{"line":32,"column":13}},{"start":{"line":30,"column":19},"end":{"line":32,"column":13}}],"line":28}},"s":{"0":0,"1":0,"2":0,"3":0,"4":0,"5":0,"6":0,"7":0,"8":0,"9":0,"10":0,"11":0,"12":0,"13":0,"14":0,"15":0,"16":0,"17":0,"18":0},"f":{"0":0,"1":0,"2":0},"b":{"0":[0,0],"1":[0,0,0],"2":[0,0]}}
,"C:\\Users\\s_13606_dev\\Desktop\\Projet-TP-Node-avancee\\src\\controllers\\UserController.js": {"path":"C:\\Users\\s_13606_dev\\Desktop\\Projet-TP-Node-avancee\\src\\controllers\\UserController.js","statementMap":{"0":{"start":{"line":1,"column":23},"end":{"line":1,"column":56}},"1":{"start":{"line":5,"column":8},"end":{"line":5,"column":27}},"2":{"start":{"line":9,"column":0},"end":{"line":9,"column":32}}},"fnMap":{"0":{"name":"(anonymous_0)","decl":{"start":{"line":4,"column":4},"end":{"line":4,"column":5}},"loc":{"start":{"line":4,"column":29},"end":{"line":6,"column":5}},"line":4}},"branchMap":{},"s":{"0":0,"1":0,"2":0},"f":{"0":0},"b":{}}
,"C:\\Users\\s_13606_dev\\Desktop\\Projet-TP-Node-avancee\\src\\controllers\\search.controller.js": {"path":"C:\\Users\\s_13606_dev\\Desktop\\Projet-TP-Node-avancee\\src\\controllers\\search.controller.js","statementMap":{"0":{"start":{"line":1,"column":22},"end":{"line":1,"column":45}},"1":{"start":{"line":2,"column":13},"end":{"line":2,"column":40}},"2":{"start":{"line":5,"column":8},"end":{"line":5,"column":43}},"3":{"start":{"line":11,"column":15},"end":{"line":27,"column":5}},"4":{"start":{"line":12,"column":8},"end":{"line":26,"column":9}},"5":{"start":{"line":14,"column":29},"end":{"line":14,"column":62}},"6":{"start":{"line":15,"column":26},"end":{"line":15,"column":47}},"7":{"start":{"line":16,"column":12},"end":{"line":16,"column":79}},"8":{"start":{"line":18,"column":12},"end":{"line":18,"column":54}},"9":{"start":{"line":19,"column":12},"end":{"line":22,"column":11}},"10":{"start":{"line":24,"column":12},"end":{"line":24,"column":33}},"11":{"start":{"line":25,"column":12},"end":{"line":25,"column":73}},"12":{"start":{"line":29,"column":0},"end":{"line":29,"column":34}}},"fnMap":{"0":{"name":"(anonymous_0)","decl":{"start":{"line":4,"column":4},"end":{"line":4,"column":5}},"loc":{"start":{"line":4,"column":31},"end":{"line":6,"column":5}},"line":4},"1":{"name":"(anonymous_1)","decl":{"start":{"line":11,"column":15},"end":{"line":11,"column":16}},"loc":{"start":{"line":11,"column":35},"end":{"line":27,"column":5}},"line":11}},"branchMap":{},"s":{"0":0,"1":0,"2":0,"3":0,"4":0,"5":0,"6":0,"7":0,"8":0,"9":0,"10":0,"11":0,"12":0},"f":{"0":0,"1":0},"b":{}}
,"C:\\Users\\s_13606_dev\\Desktop\\Projet-TP-Node-avancee\\src\\core\\BaseController.js": {"path":"C:\\Users\\s_13606_dev\\Desktop\\Projet-TP-Node-avancee\\src\\core\\BaseController.js","statementMap":{"0":{"start":{"line":6,"column":8},"end":{"line":6,"column":31}},"1":{"start":{"line":14,"column":8},"end":{"line":21,"column":10}},"2":{"start":{"line":15,"column":12},"end":{"line":20,"column":13}},"3":{"start":{"line":16,"column":16},"end":{"line":16,"column":51}},"4":{"start":{"line":19,"column":16},"end":{"line":19,"column":28}},"5":{"start":{"line":24,"column":24},"end":{"line":24,"column":52}},"6":{"start":{"line":25,"column":8},"end":{"line":29,"column":11}},"7":{"start":{"line":33,"column":19},"end":{"line":33,"column":29}},"8":{"start":{"line":34,"column":23},"end":{"line":34,"column":54}},"9":{"start":{"line":35,"column":8},"end":{"line":41,"column":9}},"10":{"start":{"line":36,"column":12},"end":{"line":40,"column":15}},"11":{"start":{"line":42,"column":8},"end":{"line":46,"column":11}},"12":{"start":{"line":49,"column":22},"end":{"line":49,"column":30}},"13":{"start":{"line":50,"column":23},"end":{"line":50,"column":54}},"14":{"start":{"line":51,"column":8},"end":{"line":55,"column":11}},"15":{"start":{"line":58,"column":23},"end":{"line":58,"column":33}},"16":{"start":{"line":59,"column":22},"end":{"line":59,"column":30}},"17":{"start":{"line":60,"column":23},"end":{"line":60,"column":58}},"18":{"start":{"line":61,"column":8},"end":{"line":65,"column":11}},"19":{"start":{"line":68,"column":19},"end":{"line":68,"column":29}},"20":{"start":{"line":69,"column":8},"end":{"line":69,"column":38}},"21":{"start":{"line":70,"column":8},"end":{"line":70,"column":38}},"22":{"start":{"line":73,"column":0},"end":{"line":73,"column":32}}},"fnMap":{"0":{"name":"(anonymous_0)","decl":{"start":{"line":5,"column":4},"end":{"line":5,"column":5}},"loc":{"start":{"line":5,"column":25},"end":{"line":7,"column":5}},"line":5},"1":{"name":"(anonymous_1)","decl":{"start":{"line":13,"column":4},"end":{"line":13,"column":5}},"loc":{"start":{"line":13,"column":26},"end":{"line":22,"column":5}},"line":13},"2":{"name":"(anonymous_2)","decl":{"start":{"line":14,"column":15},"end":{"line":14,"column":16}},"loc":{"start":{"line":14,"column":41},"end":{"line":21,"column":9}},"line":14},"3":{"name":"(anonymous_3)","decl":{"start":{"line":23,"column":4},"end":{"line":23,"column":5}},"loc":{"start":{"line":23,"column":27},"end":{"line":31,"column":5}},"line":23},"4":{"name":"(anonymous_4)","decl":{"start":{"line":32,"column":4},"end":{"line":32,"column":5}},"loc":{"start":{"line":32,"column":28},"end":{"line":47,"column":5}},"line":32},"5":{"name":"(anonymous_5)","decl":{"start":{"line":48,"column":4},"end":{"line":48,"column":5}},"loc":{"start":{"line":48,"column":27},"end":{"line":56,"column":5}},"line":48},"6":{"name":"(anonymous_6)","decl":{"start":{"line":57,"column":4},"end":{"line":57,"column":5}},"loc":{"start":{"line":57,"column":27},"end":{"line":66,"column":5}},"line":57},"7":{"name":"(anonymous_7)","decl":{"start":{"line":67,"column":4},"end":{"line":67,"column":5}},"loc":{"start":{"line":67,"column":27},"end":{"line":71,"column":5}},"line":67}},"branchMap":{"0":{"loc":{"start":{"line":35,"column":8},"end":{"line":41,"column":9}},"type":"if","locations":[{"start":{"line":35,"column":8},"end":{"line":41,"column":9}},{"start":{},"end":{}}],"line":35}},"s":{"0":0,"1":0,"2":0,"3":0,"4":0,"5":0,"6":0,"7":0,"8":0,"9":0,"10":0,"11":0,"12":0,"13":0,"14":0,"15":0,"16":0,"17":0,"18":0,"19":0,"20":0,"21":0,"22":0},"f":{"0":0,"1":0,"2":0,"3":0,"4":0,"5":0,"6":0,"7":0},"b":{"0":[0,0]}}
,"C:\\Users\\s_13606_dev\\Desktop\\Projet-TP-Node-avancee\\src\\core\\BaseRepository.js": {"path":"C:\\Users\\s_13606_dev\\Desktop\\Projet-TP-Node-avancee\\src\\core\\BaseRepository.js","statementMap":{"0":{"start":{"line":8,"column":4},"end":{"line":8,"column":25}},"1":{"start":{"line":9,"column":4},"end":{"line":9,"column":33}},"2":{"start":{"line":13,"column":4},"end":{"line":13,"column":53}},"3":{"start":{"line":16,"column":4},"end":{"line":16,"column":41}},"4":{"start":{"line":19,"column":4},"end":{"line":19,"column":45}},"5":{"start":{"line":22,"column":20},"end":{"line":22,"column":42}},"6":{"start":{"line":23,"column":4},"end":{"line":23,"column":41}},"7":{"start":{"line":26,"column":4},"end":{"line":26,"column":37}},"8":{"start":{"line":27,"column":4},"end":{"line":27,"column":35}},"9":{"start":{"line":30,"column":4},"end":{"line":30,"column":38}},"10":{"start":{"line":33,"column":0},"end":{"line":33,"column":32}}},"fnMap":{"0":{"name":"(anonymous_0)","decl":{"start":{"line":7,"column":0},"end":{"line":7,"column":1}},"loc":{"start":{"line":7,"column":32},"end":{"line":10,"column":1}},"line":7},"1":{"name":"(anonymous_1)","decl":{"start":{"line":12,"column":0},"end":{"line":12,"column":1}},"loc":{"start":{"line":12,"column":11},"end":{"line":14,"column":1}},"line":12},"2":{"name":"(anonymous_2)","decl":{"start":{"line":15,"column":0},"end":{"line":15,"column":1}},"loc":{"start":{"line":15,"column":28},"end":{"line":17,"column":1}},"line":15},"3":{"name":"(anonymous_3)","decl":{"start":{"line":18,"column":0},"end":{"line":18,"column":1}},"loc":{"start":{"line":18,"column":19},"end":{"line":20,"column":1}},"line":18},"4":{"name":"(anonymous_4)","decl":{"start":{"line":21,"column":0},"end":{"line":21,"column":1}},"loc":{"start":{"line":21,"column":19},"end":{"line":24,"column":1}},"line":21},"5":{"name":"(anonymous_5)","decl":{"start":{"line":25,"column":0},"end":{"line":25,"column":1}},"loc":{"start":{"line":25,"column":23},"end":{"line":28,"column":1}},"line":25},"6":{"name":"(anonymous_6)","decl":{"start":{"line":29,"column":0},"end":{"line":29,"column":1}},"loc":{"start":{"line":29,"column":17},"end":{"line":31,"column":1}},"line":29}},"branchMap":{"0":{"loc":{"start":{"line":15,"column":14},"end":{"line":15,"column":26}},"type":"default-arg","locations":[{"start":{"line":15,"column":24},"end":{"line":15,"column":26}}],"line":15}},"s":{"0":0,"1":0,"2":0,"3":0,"4":0,"5":0,"6":0,"7":0,"8":0,"9":0,"10":0},"f":{"0":0,"1":0,"2":0,"3":0,"4":0,"5":0,"6":0},"b":{"0":[0]}}
,"C:\\Users\\s_13606_dev\\Desktop\\Projet-TP-Node-avancee\\src\\core\\BaseService.js": {"path":"C:\\Users\\s_13606_dev\\Desktop\\Projet-TP-Node-avancee\\src\\core\\BaseService.js","statementMap":{"0":{"start":{"line":6,"column":4},"end":{"line":6,"column":33}},"1":{"start":{"line":9,"column":4},"end":{"line":9,"column":43}},"2":{"start":{"line":12,"column":4},"end":{"line":12,"column":46}},"3":{"start":{"line":15,"column":4},"end":{"line":15,"column":46}},"4":{"start":{"line":18,"column":4},"end":{"line":18,"column":49}},"5":{"start":{"line":21,"column":4},"end":{"line":21,"column":44}},"6":{"start":{"line":24,"column":0},"end":{"line":24,"column":29}}},"fnMap":{"0":{"name":"(anonymous_0)","decl":{"start":{"line":5,"column":0},"end":{"line":5,"column":1}},"loc":{"start":{"line":5,"column":24},"end":{"line":7,"column":1}},"line":5},"1":{"name":"(anonymous_1)","decl":{"start":{"line":8,"column":0},"end":{"line":8,"column":1}},"loc":{"start":{"line":8,"column":16},"end":{"line":10,"column":1}},"line":8},"2":{"name":"(anonymous_2)","decl":{"start":{"line":11,"column":0},"end":{"line":11,"column":1}},"loc":{"start":{"line":11,"column":19},"end":{"line":13,"column":1}},"line":11},"3":{"name":"(anonymous_3)","decl":{"start":{"line":14,"column":0},"end":{"line":14,"column":1}},"loc":{"start":{"line":14,"column":19},"end":{"line":16,"column":1}},"line":14},"4":{"name":"(anonymous_4)","decl":{"start":{"line":17,"column":0},"end":{"line":17,"column":1}},"loc":{"start":{"line":17,"column":23},"end":{"line":19,"column":1}},"line":17},"5":{"name":"(anonymous_5)","decl":{"start":{"line":20,"column":0},"end":{"line":20,"column":1}},"loc":{"start":{"line":20,"column":17},"end":{"line":22,"column":1}},"line":20}},"branchMap":{},"s":{"0":0,"1":0,"2":0,"3":0,"4":0,"5":0,"6":0},"f":{"0":0,"1":0,"2":0,"3":0,"4":0,"5":0},"b":{}}
,"C:\\Users\\s_13606_dev\\Desktop\\Projet-TP-Node-avancee\\src\\entities\\Message.js": {"path":"C:\\Users\\s_13606_dev\\Desktop\\Projet-TP-Node-avancee\\src\\entities\\Message.js","statementMap":{"0":{"start":{"line":1,"column":25},"end":{"line":1,"column":43}},"1":{"start":{"line":2,"column":0},"end":{"line":31,"column":3}}},"fnMap":{},"branchMap":{},"s":{"0":0,"1":0},"f":{},"b":{}}
,"C:\\Users\\s_13606_dev\\Desktop\\Projet-TP-Node-avancee\\src\\entities\\Post.js": {"path":"C:\\Users\\s_13606_dev\\Desktop\\Projet-TP-Node-avancee\\src\\entities\\Post.js","statementMap":{"0":{"start":{"line":1,"column":25},"end":{"line":1,"column":43}},"1":{"start":{"line":3,"column":0},"end":{"line":28,"column":3}}},"fnMap":{},"branchMap":{},"s":{"0":0,"1":0},"f":{},"b":{}}
,"C:\\Users\\s_13606_dev\\Desktop\\Projet-TP-Node-avancee\\src\\entities\\Product.js": {"path":"C:\\Users\\s_13606_dev\\Desktop\\Projet-TP-Node-avancee\\src\\entities\\Product.js","statementMap":{"0":{"start":{"line":1,"column":25},"end":{"line":1,"column":43}},"1":{"start":{"line":3,"column":0},"end":{"line":33,"column":3}}},"fnMap":{},"branchMap":{},"s":{"0":0,"1":0},"f":{},"b":{}}
,"C:\\Users\\s_13606_dev\\Desktop\\Projet-TP-Node-avancee\\src\\entities\\User.js": {"path":"C:\\Users\\s_13606_dev\\Desktop\\Projet-TP-Node-avancee\\src\\entities\\User.js","statementMap":{"0":{"start":{"line":1,"column":25},"end":{"line":1,"column":43}},"1":{"start":{"line":3,"column":0},"end":{"line":20,"column":3}}},"fnMap":{},"branchMap":{},"s":{"0":0,"1":0},"f":{},"b":{}}
,"C:\\Users\\s_13606_dev\\Desktop\\Projet-TP-Node-avancee\\src\\middlewares\\cache.middleware.js": {"path":"C:\\Users\\s_13606_dev\\Desktop\\Projet-TP-Node-avancee\\src\\middlewares\\cache.middleware.js","statementMap":{"0":{"start":{"line":1,"column":14},"end":{"line":1,"column":40}},"1":{"start":{"line":3,"column":14},"end":{"line":29,"column":1}},"2":{"start":{"line":4,"column":4},"end":{"line":28,"column":6}},"3":{"start":{"line":5,"column":20},"end":{"line":5,"column":57}},"4":{"start":{"line":7,"column":8},"end":{"line":27,"column":9}},"5":{"start":{"line":8,"column":31},"end":{"line":8,"column":51}},"6":{"start":{"line":10,"column":12},"end":{"line":13,"column":13}},"7":{"start":{"line":11,"column":16},"end":{"line":11,"column":52}},"8":{"start":{"line":12,"column":16},"end":{"line":12,"column":56}},"9":{"start":{"line":15,"column":12},"end":{"line":15,"column":49}},"10":{"start":{"line":17,"column":33},"end":{"line":17,"column":41}},"11":{"start":{"line":18,"column":12},"end":{"line":21,"column":14}},"12":{"start":{"line":19,"column":16},"end":{"line":19,"column":69}},"13":{"start":{"line":20,"column":16},"end":{"line":20,"column":45}},"14":{"start":{"line":23,"column":12},"end":{"line":23,"column":19}},"15":{"start":{"line":25,"column":12},"end":{"line":25,"column":53}},"16":{"start":{"line":26,"column":12},"end":{"line":26,"column":19}},"17":{"start":{"line":31,"column":0},"end":{"line":31,"column":23}}},"fnMap":{"0":{"name":"(anonymous_0)","decl":{"start":{"line":3,"column":14},"end":{"line":3,"column":15}},"loc":{"start":{"line":3,"column":28},"end":{"line":29,"column":1}},"line":3},"1":{"name":"(anonymous_1)","decl":{"start":{"line":4,"column":11},"end":{"line":4,"column":12}},"loc":{"start":{"line":4,"column":37},"end":{"line":28,"column":5}},"line":4},"2":{"name":"(anonymous_2)","decl":{"start":{"line":18,"column":23},"end":{"line":18,"column":24}},"loc":{"start":{"line":18,"column":33},"end":{"line":21,"column":13}},"line":18}},"branchMap":{"0":{"loc":{"start":{"line":5,"column":29},"end":{"line":5,"column":55}},"type":"binary-expr","locations":[{"start":{"line":5,"column":29},"end":{"line":5,"column":44}},{"start":{"line":5,"column":48},"end":{"line":5,"column":55}}],"line":5},"1":{"loc":{"start":{"line":10,"column":12},"end":{"line":13,"column":13}},"type":"if","locations":[{"start":{"line":10,"column":12},"end":{"line":13,"column":13}},{"start":{},"end":{}}],"line":10}},"s":{"0":0,"1":0,"2":0,"3":0,"4":0,"5":0,"6":0,"7":0,"8":0,"9":0,"10":0,"11":0,"12":0,"13":0,"14":0,"15":0,"16":0,"17":0},"f":{"0":0,"1":0,"2":0},"b":{"0":[0,0],"1":[0,0]}}
,"C:\\Users\\s_13606_dev\\Desktop\\Projet-TP-Node-avancee\\src\\repositories\\PostRepository.js": {"path":"C:\\Users\\s_13606_dev\\Desktop\\Projet-TP-Node-avancee\\src\\repositories\\PostRepository.js","statementMap":{"0":{"start":{"line":1,"column":23},"end":{"line":1,"column":56}},"1":{"start":{"line":2,"column":13},"end":{"line":2,"column":40}},"2":{"start":{"line":7,"column":8},"end":{"line":7,"column":32}},"3":{"start":{"line":8,"column":8},"end":{"line":8,"column":33}},"4":{"start":{"line":11,"column":8},"end":{"line":11,"column":32}},"5":{"start":{"line":14,"column":0},"end":{"line":14,"column":32}}},"fnMap":{"0":{"name":"(anonymous_0)","decl":{"start":{"line":6,"column":4},"end":{"line":6,"column":5}},"loc":{"start":{"line":6,"column":28},"end":{"line":9,"column":5}},"line":6},"1":{"name":"(anonymous_1)","decl":{"start":{"line":10,"column":4},"end":{"line":10,"column":5}},"loc":{"start":{"line":10,"column":15},"end":{"line":12,"column":5}},"line":10}},"branchMap":{},"s":{"0":0,"1":0,"2":0,"3":0,"4":0,"5":0},"f":{"0":0,"1":0},"b":{}}
,"C:\\Users\\s_13606_dev\\Desktop\\Projet-TP-Node-avancee\\src\\repositories\\ProductRepository.js": {"path":"C:\\Users\\s_13606_dev\\Desktop\\Projet-TP-Node-avancee\\src\\repositories\\ProductRepository.js","statementMap":{"0":{"start":{"line":1,"column":23},"end":{"line":1,"column":56}},"1":{"start":{"line":2,"column":16},"end":{"line":2,"column":46}},"2":{"start":{"line":6,"column":8},"end":{"line":6,"column":35}},"3":{"start":{"line":10,"column":8},"end":{"line":10,"column":32}},"4":{"start":{"line":14,"column":8},"end":{"line":14,"column":43}},"5":{"start":{"line":18,"column":8},"end":{"line":18,"column":36}},"6":{"start":{"line":22,"column":8},"end":{"line":22,"column":36}},"7":{"start":{"line":25,"column":0},"end":{"line":25,"column":35}}},"fnMap":{"0":{"name":"(anonymous_0)","decl":{"start":{"line":5,"column":4},"end":{"line":5,"column":5}},"loc":{"start":{"line":5,"column":28},"end":{"line":7,"column":5}},"line":5},"1":{"name":"(anonymous_1)","decl":{"start":{"line":9,"column":4},"end":{"line":9,"column":5}},"loc":{"start":{"line":9,"column":14},"end":{"line":11,"column":5}},"line":9},"2":{"name":"(anonymous_2)","decl":{"start":{"line":13,"column":4},"end":{"line":13,"column":5}},"loc":{"start":{"line":13,"column":17},"end":{"line":15,"column":5}},"line":13},"3":{"name":"(anonymous_3)","decl":{"start":{"line":17,"column":4},"end":{"line":17,"column":5}},"loc":{"start":{"line":17,"column":17},"end":{"line":19,"column":5}},"line":17},"4":{"name":"(anonymous_4)","decl":{"start":{"line":21,"column":4},"end":{"line":21,"column":5}},"loc":{"start":{"line":21,"column":15},"end":{"line":23,"column":5}},"line":21}},"branchMap":{},"s":{"0":0,"1":0,"2":0,"3":0,"4":0,"5":0,"6":0,"7":0},"f":{"0":0,"1":0,"2":0,"3":0,"4":0},"b":{}}
,"C:\\Users\\s_13606_dev\\Desktop\\Projet-TP-Node-avancee\\src\\repositories\\UserRepository.js": {"path":"C:\\Users\\s_13606_dev\\Desktop\\Projet-TP-Node-avancee\\src\\repositories\\UserRepository.js","statementMap":{"0":{"start":{"line":1,"column":23},"end":{"line":1,"column":56}},"1":{"start":{"line":2,"column":13},"end":{"line":2,"column":40}},"2":{"start":{"line":7,"column":8},"end":{"line":7,"column":32}},"3":{"start":{"line":8,"column":8},"end":{"line":8,"column":33}},"4":{"start":{"line":12,"column":37},"end":{"line":12,"column":87}},"5":{"start":{"line":14,"column":0},"end":{"line":14,"column":32}}},"fnMap":{"0":{"name":"(anonymous_0)","decl":{"start":{"line":6,"column":4},"end":{"line":6,"column":5}},"loc":{"start":{"line":6,"column":28},"end":{"line":9,"column":5}},"line":6},"1":{"name":"(anonymous_1)","decl":{"start":{"line":12,"column":4},"end":{"line":12,"column":5}},"loc":{"start":{"line":12,"column":35},"end":{"line":12,"column":89}},"line":12}},"branchMap":{},"s":{"0":0,"1":0,"2":0,"3":0,"4":0,"5":0},"f":{"0":0,"1":0},"b":{}}
,"C:\\Users\\s_13606_dev\\Desktop\\Projet-TP-Node-avancee\\src\\routes\\auth.routes.js": {"path":"C:\\Users\\s_13606_dev\\Desktop\\Projet-TP-Node-avancee\\src\\routes\\auth.routes.js","statementMap":{"0":{"start":{"line":1,"column":16},"end":{"line":1,"column":34}},"1":{"start":{"line":2,"column":17},"end":{"line":2,"column":36}},"2":{"start":{"line":4,"column":0},"end":{"line":20,"column":2}},"3":{"start":{"line":5,"column":19},"end":{"line":5,"column":35}},"4":{"start":{"line":7,"column":4},"end":{"line":7,"column":75}},"5":{"start":{"line":9,"column":4},"end":{"line":13,"column":6}},"6":{"start":{"line":15,"column":4},"end":{"line":15,"column":71}},"7":{"start":{"line":16,"column":4},"end":{"line":16,"column":75}},"8":{"start":{"line":17,"column":4},"end":{"line":17,"column":71}},"9":{"start":{"line":19,"column":4},"end":{"line":19,"column":18}}},"fnMap":{"0":{"name":"(anonymous_0)","decl":{"start":{"line":4,"column":17},"end":{"line":4,"column":18}},"loc":{"start":{"line":4,"column":37},"end":{"line":20,"column":1}},"line":4}},"branchMap":{},"s":{"0":0,"1":0,"2":0,"3":0,"4":0,"5":0,"6":0,"7":0,"8":0,"9":0},"f":{"0":0},"b":{}}
,"C:\\Users\\s_13606_dev\\Desktop\\Projet-TP-Node-avancee\\src\\routes\\heavy.routes.js": {"path":"C:\\Users\\s_13606_dev\\Desktop\\Projet-TP-Node-avancee\\src\\routes\\heavy.routes.js","statementMap":{"0":{"start":{"line":1,"column":16},"end":{"line":1,"column":34}},"1":{"start":{"line":2,"column":15},"end":{"line":2,"column":31}},"2":{"start":{"line":3,"column":35},"end":{"line":3,"column":87}},"3":{"start":{"line":6,"column":0},"end":{"line":6,"column":76}},"4":{"start":{"line":7,"column":0},"end":{"line":7,"column":72}},"5":{"start":{"line":8,"column":0},"end":{"line":8,"column":74}},"6":{"start":{"line":10,"column":0},"end":{"line":10,"column":54}},"7":{"start":{"line":10,"column":37},"end":{"line":10,"column":52}},"8":{"start":{"line":11,"column":0},"end":{"line":11,"column":62}},"9":{"start":{"line":14,"column":0},"end":{"line":14,"column":24}}},"fnMap":{"0":{"name":"(anonymous_0)","decl":{"start":{"line":10,"column":23},"end":{"line":10,"column":24}},"loc":{"start":{"line":10,"column":37},"end":{"line":10,"column":52}},"line":10}},"branchMap":{},"s":{"0":0,"1":0,"2":0,"3":0,"4":0,"5":0,"6":0,"7":0,"8":0,"9":0},"f":{"0":0},"b":{}}
,"C:\\Users\\s_13606_dev\\Desktop\\Projet-TP-Node-avancee\\src\\routes\\product.routes.js": {"path":"C:\\Users\\s_13606_dev\\Desktop\\Projet-TP-Node-avancee\\src\\routes\\product.routes.js","statementMap":{"0":{"start":{"line":1,"column":16},"end":{"line":1,"column":34}},"1":{"start":{"line":3,"column":0},"end":{"line":19,"column":2}},"2":{"start":{"line":4,"column":19},"end":{"line":4,"column":35}},"3":{"start":{"line":7,"column":4},"end":{"line":7,"column":84}},"4":{"start":{"line":7,"column":40},"end":{"line":7,"column":82}},"5":{"start":{"line":10,"column":4},"end":{"line":10,"column":85}},"6":{"start":{"line":10,"column":41},"end":{"line":10,"column":83}},"7":{"start":{"line":13,"column":4},"end":{"line":13,"column":63}},"8":{"start":{"line":14,"column":4},"end":{"line":14,"column":67}},"9":{"start":{"line":15,"column":4},"end":{"line":15,"column":64}},"10":{"start":{"line":16,"column":4},"end":{"line":16,"column":69}},"11":{"start":{"line":18,"column":4},"end":{"line":18,"column":18}}},"fnMap":{"0":{"name":"(anonymous_0)","decl":{"start":{"line":3,"column":17},"end":{"line":3,"column":18}},"loc":{"start":{"line":3,"column":40},"end":{"line":19,"column":1}},"line":3},"1":{"name":"(anonymous_1)","decl":{"start":{"line":7,"column":26},"end":{"line":7,"column":27}},"loc":{"start":{"line":7,"column":40},"end":{"line":7,"column":82}},"line":7},"2":{"name":"(anonymous_2)","decl":{"start":{"line":10,"column":27},"end":{"line":10,"column":28}},"loc":{"start":{"line":10,"column":41},"end":{"line":10,"column":83}},"line":10}},"branchMap":{},"s":{"0":0,"1":0,"2":0,"3":0,"4":0,"5":0,"6":0,"7":0,"8":0,"9":0,"10":0,"11":0},"f":{"0":0,"1":0,"2":0},"b":{}}
,"C:\\Users\\s_13606_dev\\Desktop\\Projet-TP-Node-avancee\\src\\routes\\search.routes.js": {"path":"C:\\Users\\s_13606_dev\\Desktop\\Projet-TP-Node-avancee\\src\\routes\\search.routes.js","statementMap":{"0":{"start":{"line":2,"column":0},"end":{"line":7,"column":2}},"1":{"start":{"line":3,"column":19},"end":{"line":3,"column":46}},"2":{"start":{"line":5,"column":4},"end":{"line":5,"column":80}},"3":{"start":{"line":6,"column":4},"end":{"line":6,"column":18}}},"fnMap":{"0":{"name":"(anonymous_0)","decl":{"start":{"line":2,"column":17},"end":{"line":2,"column":18}},"loc":{"start":{"line":2,"column":39},"end":{"line":7,"column":1}},"line":2}},"branchMap":{},"s":{"0":0,"1":0,"2":0,"3":0},"f":{"0":0},"b":{}}
,"C:\\Users\\s_13606_dev\\Desktop\\Projet-TP-Node-avancee\\src\\routes\\stats.routes.js": {"path":"C:\\Users\\s_13606_dev\\Desktop\\Projet-TP-Node-avancee\\src\\routes\\stats.routes.js","statementMap":{"0":{"start":{"line":1,"column":16},"end":{"line":1,"column":34}},"1":{"start":{"line":2,"column":15},"end":{"line":2,"column":31}},"2":{"start":{"line":3,"column":14},"end":{"line":3,"column":56}},"3":{"start":{"line":5,"column":22},"end":{"line":9,"column":1}},"4":{"start":{"line":11,"column":0},"end":{"line":18,"column":3}},"5":{"start":{"line":12,"column":4},"end":{"line":12,"column":60}},"6":{"start":{"line":12,"column":33},"end":{"line":12,"column":58}},"7":{"start":{"line":14,"column":4},"end":{"line":17,"column":7}},"8":{"start":{"line":20,"column":0},"end":{"line":20,"column":24}}},"fnMap":{"0":{"name":"(anonymous_0)","decl":{"start":{"line":11,"column":32},"end":{"line":11,"column":33}},"loc":{"start":{"line":11,"column":52},"end":{"line":18,"column":1}},"line":11},"1":{"name":"(anonymous_1)","decl":{"start":{"line":12,"column":22},"end":{"line":12,"column":23}},"loc":{"start":{"line":12,"column":33},"end":{"line":12,"column":58}},"line":12}},"branchMap":{},"s":{"0":0,"1":0,"2":0,"3":0,"4":0,"5":0,"6":0,"7":0,"8":0},"f":{"0":0,"1":0},"b":{}}
,"C:\\Users\\s_13606_dev\\Desktop\\Projet-TP-Node-avancee\\src\\routes\\user.routes.js": {"path":"C:\\Users\\s_13606_dev\\Desktop\\Projet-TP-Node-avancee\\src\\routes\\user.routes.js","statementMap":{"0":{"start":{"line":1,"column":16},"end":{"line":1,"column":34}},"1":{"start":{"line":3,"column":0},"end":{"line":12,"column":2}},"2":{"start":{"line":4,"column":19},"end":{"line":4,"column":35}},"3":{"start":{"line":6,"column":4},"end":{"line":6,"column":60}},"4":{"start":{"line":7,"column":4},"end":{"line":7,"column":64}},"5":{"start":{"line":8,"column":4},"end":{"line":8,"column":61}},"6":{"start":{"line":9,"column":4},"end":{"line":9,"column":66}},"7":{"start":{"line":11,"column":4},"end":{"line":11,"column":18}}},"fnMap":{"0":{"name":"(anonymous_0)","decl":{"start":{"line":3,"column":17},"end":{"line":3,"column":18}},"loc":{"start":{"line":3,"column":37},"end":{"line":12,"column":1}},"line":3}},"branchMap":{},"s":{"0":0,"1":0,"2":0,"3":0,"4":0,"5":0,"6":0,"7":0},"f":{"0":0},"b":{}}
,"C:\\Users\\s_13606_dev\\Desktop\\Projet-TP-Node-avancee\\src\\services\\AuthService.js": {"path":"C:\\Users\\s_13606_dev\\Desktop\\Projet-TP-Node-avancee\\src\\services\\AuthService.js","statementMap":{"0":{"start":{"line":1,"column":15},"end":{"line":1,"column":34}},"1":{"start":{"line":4,"column":8},"end":{"line":4,"column":45}},"2":{"start":{"line":8,"column":8},"end":{"line":10,"column":9}},"3":{"start":{"line":9,"column":12},"end":{"line":9,"column":59}},"4":{"start":{"line":11,"column":28},"end":{"line":11,"column":78}},"5":{"start":{"line":12,"column":8},"end":{"line":14,"column":9}},"6":{"start":{"line":13,"column":12},"end":{"line":13,"column":50}},"7":{"start":{"line":15,"column":31},"end":{"line":15,"column":62}},"8":{"start":{"line":16,"column":21},"end":{"line":19,"column":10}},"9":{"start":{"line":20,"column":8},"end":{"line":20,"column":56}},"10":{"start":{"line":24,"column":22},"end":{"line":24,"column":72}},"11":{"start":{"line":25,"column":8},"end":{"line":25,"column":29}},"12":{"start":{"line":25,"column":18},"end":{"line":25,"column":29}},"13":{"start":{"line":27,"column":24},"end":{"line":27,"column":69}},"14":{"start":{"line":28,"column":8},"end":{"line":28,"column":33}},"15":{"start":{"line":28,"column":22},"end":{"line":28,"column":33}},"16":{"start":{"line":29,"column":8},"end":{"line":29,"column":56}},"17":{"start":{"line":32,"column":0},"end":{"line":32,"column":29}}},"fnMap":{"0":{"name":"(anonymous_0)","decl":{"start":{"line":3,"column":4},"end":{"line":3,"column":5}},"loc":{"start":{"line":3,"column":32},"end":{"line":5,"column":5}},"line":3},"1":{"name":"(anonymous_1)","decl":{"start":{"line":6,"column":4},"end":{"line":6,"column":5}},"loc":{"start":{"line":6,"column":39},"end":{"line":22,"column":5}},"line":6},"2":{"name":"(anonymous_2)","decl":{"start":{"line":23,"column":4},"end":{"line":23,"column":5}},"loc":{"start":{"line":23,"column":43},"end":{"line":30,"column":5}},"line":23}},"branchMap":{"0":{"loc":{"start":{"line":8,"column":8},"end":{"line":10,"column":9}},"type":"if","locations":[{"start":{"line":8,"column":8},"end":{"line":10,"column":9}},{"start":{},"end":{}}],"line":8},"1":{"loc":{"start":{"line":8,"column":12},"end":{"line":8,"column":34}},"type":"binary-expr","locations":[{"start":{"line":8,"column":12},"end":{"line":8,"column":21}},{"start":{"line":8,"column":25},"end":{"line":8,"column":34}}],"line":8},"2":{"loc":{"start":{"line":12,"column":8},"end":{"line":14,"column":9}},"type":"if","locations":[{"start":{"line":12,"column":8},"end":{"line":14,"column":9}},{"start":{},"end":{}}],"line":12},"3":{"loc":{"start":{"line":25,"column":8},"end":{"line":25,"column":29}},"type":"if","locations":[{"start":{"line":25,"column":8},"end":{"line":25,"column":29}},{"start":{},"end":{}}],"line":25},"4":{"loc":{"start":{"line":28,"column":8},"end":{"line":28,"column":33}},"type":"if","locations":[{"start":{"line":28,"column":8},"end":{"line":28,"column":33}},{"start":{},"end":{}}],"line":28}},"s":{"0":1,"1":1,"2":0,"3":0,"4":0,"5":0,"6":0,"7":0,"8":0,"9":0,"10":3,"11":3,"12":1,"13":2,"14":2,"15":1,"16":1,"17":1},"f":{"0":1,"1":0,"2":3},"b":{"0":[0,0],"1":[0,0],"2":[0,0],"3":[1,2],"4":[1,1]},"_coverageSchema":"1a1c01bbd47fc00a2c39e90264f33305004495a9","hash":"5fad985ef91debbf8e9577ef1772a2e9b909c98f"}
,"C:\\Users\\s_13606_dev\\Desktop\\Projet-TP-Node-avancee\\src\\services\\ProductService.js": {"path":"C:\\Users\\s_13606_dev\\Desktop\\Projet-TP-Node-avancee\\src\\services\\ProductService.js","statementMap":{"0":{"start":{"line":1,"column":20},"end":{"line":1,"column":50}},"1":{"start":{"line":2,"column":21},"end":{"line":2,"column":47}},"2":{"start":{"line":3,"column":12},"end":{"line":3,"column":33}},"3":{"start":{"line":4,"column":22},"end":{"line":4,"column":46}},"4":{"start":{"line":6,"column":35},"end":{"line":6,"column":83}},"5":{"start":{"line":7,"column":35},"end":{"line":7,"column":83}},"6":{"start":{"line":8,"column":21},"end":{"line":8,"column":38}},"7":{"start":{"line":11,"column":8},"end":{"line":11,"column":26}},"8":{"start":{"line":19,"column":36},"end":{"line":19,"column":68}},"9":{"start":{"line":21,"column":36},"end":{"line":24,"column":10}},"10":{"start":{"line":26,"column":8},"end":{"line":31,"column":10}},"11":{"start":{"line":32,"column":8},"end":{"line":32,"column":65}},"12":{"start":{"line":39,"column":21},"end":{"line":39,"column":41}},"13":{"start":{"line":42,"column":25},"end":{"line":42,"column":26}},"14":{"start":{"line":43,"column":30},"end":{"line":43,"column":34}},"15":{"start":{"line":44,"column":12},"end":{"line":63,"column":13}},"16":{"start":{"line":46,"column":16},"end":{"line":46,"column":80}},"17":{"start":{"line":48,"column":33},"end":{"line":54,"column":26}},"18":{"start":{"line":56,"column":16},"end":{"line":56,"column":49}},"19":{"start":{"line":56,"column":43},"end":{"line":56,"column":49}},"20":{"start":{"line":58,"column":16},"end":{"line":60,"column":17}},"21":{"start":{"line":59,"column":20},"end":{"line":59,"column":34}},"22":{"start":{"line":62,"column":16},"end":{"line":62,"column":58}},"23":{"start":{"line":65,"column":28},"end":{"line":65,"column":61}},"24":{"start":{"line":66,"column":31},"end":{"line":69,"column":10}},"25":{"start":{"line":72,"column":8},"end":{"line":76,"column":10}},"26":{"start":{"line":79,"column":0},"end":{"line":79,"column":32}}},"fnMap":{"0":{"name":"(anonymous_0)","decl":{"start":{"line":10,"column":4},"end":{"line":10,"column":5}},"loc":{"start":{"line":10,"column":28},"end":{"line":12,"column":5}},"line":10},"1":{"name":"(anonymous_1)","decl":{"start":{"line":18,"column":4},"end":{"line":18,"column":5}},"loc":{"start":{"line":18,"column":38},"end":{"line":33,"column":5}},"line":18},"2":{"name":"(anonymous_2)","decl":{"start":{"line":38,"column":4},"end":{"line":38,"column":5}},"loc":{"start":{"line":38,"column":39},"end":{"line":77,"column":5}},"line":38},"3":{"name":"productGenerator","decl":{"start":{"line":41,"column":24},"end":{"line":41,"column":40}},"loc":{"start":{"line":41,"column":43},"end":{"line":64,"column":9}},"line":41}},"branchMap":{"0":{"loc":{"start":{"line":56,"column":16},"end":{"line":56,"column":49}},"type":"if","locations":[{"start":{"line":56,"column":16},"end":{"line":56,"column":49}},{"start":{},"end":{}}],"line":56}},"s":{"0":0,"1":0,"2":0,"3":0,"4":0,"5":0,"6":0,"7":0,"8":0,"9":0,"10":0,"11":0,"12":0,"13":0,"14":0,"15":0,"16":0,"17":0,"18":0,"19":0,"20":0,"21":0,"22":0,"23":0,"24":0,"25":0,"26":0},"f":{"0":0,"1":0,"2":0,"3":0},"b":{"0":[0,0]}}
,"C:\\Users\\s_13606_dev\\Desktop\\Projet-TP-Node-avancee\\src\\services\\UserService.js": {"path":"C:\\Users\\s_13606_dev\\Desktop\\Projet-TP-Node-avancee\\src\\services\\UserService.js","statementMap":{"0":{"start":{"line":1,"column":20},"end":{"line":1,"column":50}},"1":{"start":{"line":5,"column":8},"end":{"line":5,"column":30}},"2":{"start":{"line":9,"column":0},"end":{"line":9,"column":29}}},"fnMap":{"0":{"name":"(anonymous_0)","decl":{"start":{"line":4,"column":4},"end":{"line":4,"column":5}},"loc":{"start":{"line":4,"column":32},"end":{"line":6,"column":5}},"line":4}},"branchMap":{},"s":{"0":0,"1":0,"2":0},"f":{"0":0},"b":{}}
,"C:\\Users\\s_13606_dev\\Desktop\\Projet-TP-Node-avancee\\src\\services\\search.service.js": {"path":"C:\\Users\\s_13606_dev\\Desktop\\Projet-TP-Node-avancee\\src\\services\\search.service.js","statementMap":{"0":{"start":{"line":1,"column":15},"end":{"line":1,"column":43}},"1":{"start":{"line":4,"column":8},"end":{"line":4,"column":45}},"2":{"start":{"line":5,"column":8},"end":{"line":5,"column":29}},"3":{"start":{"line":11,"column":8},"end":{"line":36,"column":9}},"4":{"start":{"line":12,"column":27},"end":{"line":14,"column":14}},"5":{"start":{"line":16,"column":12},"end":{"line":19,"column":13}},"6":{"start":{"line":17,"column":16},"end":{"line":17,"column":44}},"7":{"start":{"line":18,"column":16},"end":{"line":18,"column":23}},"8":{"start":{"line":20,"column":12},"end":{"line":32,"column":15}},"9":{"start":{"line":33,"column":12},"end":{"line":33,"column":77}},"10":{"start":{"line":35,"column":12},"end":{"line":35,"column":101}},"11":{"start":{"line":44,"column":8},"end":{"line":44,"column":49}},"12":{"start":{"line":44,"column":42},"end":{"line":44,"column":49}},"13":{"start":{"line":45,"column":8},"end":{"line":68,"column":9}},"14":{"start":{"line":46,"column":31},"end":{"line":54,"column":14}},"15":{"start":{"line":46,"column":53},"end":{"line":54,"column":13}},"16":{"start":{"line":55,"column":33},"end":{"line":58,"column":14}},"17":{"start":{"line":60,"column":12},"end":{"line":65,"column":13}},"18":{"start":{"line":61,"column":12},"end":{"line":61,"column":75}},"19":{"start":{"line":64,"column":12},"end":{"line":64,"column":78}},"20":{"start":{"line":67,"column":12},"end":{"line":67,"column":68}},"21":{"start":{"line":71,"column":0},"end":{"line":71,"column":31}}},"fnMap":{"0":{"name":"(anonymous_0)","decl":{"start":{"line":3,"column":4},"end":{"line":3,"column":5}},"loc":{"start":{"line":3,"column":32},"end":{"line":6,"column":5}},"line":3},"1":{"name":"(anonymous_1)","decl":{"start":{"line":10,"column":4},"end":{"line":10,"column":5}},"loc":{"start":{"line":10,"column":22},"end":{"line":37,"column":5}},"line":10},"2":{"name":"(anonymous_2)","decl":{"start":{"line":43,"column":4},"end":{"line":43,"column":5}},"loc":{"start":{"line":43,"column":27},"end":{"line":69,"column":5}},"line":43},"3":{"name":"(anonymous_3)","decl":{"start":{"line":46,"column":45},"end":{"line":46,"column":46}},"loc":{"start":{"line":46,"column":53},"end":{"line":54,"column":13}},"line":46}},"branchMap":{"0":{"loc":{"start":{"line":16,"column":12},"end":{"line":19,"column":13}},"type":"if","locations":[{"start":{"line":16,"column":12},"end":{"line":19,"column":13}},{"start":{},"end":{}}],"line":16},"1":{"loc":{"start":{"line":44,"column":8},"end":{"line":44,"column":49}},"type":"if","locations":[{"start":{"line":44,"column":8},"end":{"line":44,"column":49}},{"start":{},"end":{}}],"line":44},"2":{"loc":{"start":{"line":44,"column":12},"end":{"line":44,"column":40}},"type":"binary-expr","locations":[{"start":{"line":44,"column":12},"end":{"line":44,"column":18}},{"start":{"line":44,"column":22},"end":{"line":44,"column":40}}],"line":44},"3":{"loc":{"start":{"line":60,"column":12},"end":{"line":65,"column":13}},"type":"if","locations":[{"start":{"line":60,"column":12},"end":{"line":65,"column":13}},{"start":{"line":63,"column":19},"end":{"line":65,"column":13}}],"line":60}},"s":{"0":0,"1":0,"2":0,"3":0,"4":0,"5":0,"6":0,"7":0,"8":0,"9":0,"10":0,"11":0,"12":0,"13":0,"14":0,"15":0,"16":0,"17":0,"18":0,"19":0,"20":0,"21":0},"f":{"0":0,"1":0,"2":0,"3":0},"b":{"0":[0,0],"1":[0,0],"2":[0,0],"3":[0,0]}}
,"C:\\Users\\s_13606_dev\\Desktop\\Projet-TP-Node-avancee\\src\\streams\\ProductBatchInsertWritable.js": {"path":"C:\\Users\\s_13606_dev\\Desktop\\Projet-TP-Node-avancee\\src\\streams\\ProductBatchInsertWritable.js","statementMap":{"0":{"start":{"line":2,"column":21},"end":{"line":2,"column":38}},"1":{"start":{"line":6,"column":8},"end":{"line":6,"column":48}},"2":{"start":{"line":8,"column":8},"end":{"line":8,"column":51}},"3":{"start":{"line":9,"column":8},"end":{"line":9,"column":24}},"4":{"start":{"line":11,"column":8},"end":{"line":11,"column":52}},"5":{"start":{"line":12,"column":8},"end":{"line":14,"column":6}},"6":{"start":{"line":13,"column":12},"end":{"line":13,"column":84}},"7":{"start":{"line":19,"column":4},"end":{"line":19,"column":27}},"8":{"start":{"line":21,"column":4},"end":{"line":34,"column":5}},"9":{"start":{"line":22,"column":4},"end":{"line":30,"column":5}},"10":{"start":{"line":23,"column":8},"end":{"line":23,"column":88}},"11":{"start":{"line":24,"column":8},"end":{"line":24,"column":32}},"12":{"start":{"line":26,"column":8},"end":{"line":26,"column":19}},"13":{"start":{"line":29,"column":8},"end":{"line":29,"column":24}},"14":{"start":{"line":33,"column":8},"end":{"line":33,"column":19}},"15":{"start":{"line":37,"column":8},"end":{"line":45,"column":9}},"16":{"start":{"line":38,"column":12},"end":{"line":38,"column":77}},"17":{"start":{"line":39,"column":12},"end":{"line":41,"column":13}},"18":{"start":{"line":40,"column":16},"end":{"line":40,"column":40}},"19":{"start":{"line":42,"column":12},"end":{"line":42,"column":23}},"20":{"start":{"line":44,"column":12},"end":{"line":44,"column":28}},"21":{"start":{"line":49,"column":8},"end":{"line":49,"column":44}},"22":{"start":{"line":49,"column":37},"end":{"line":49,"column":44}},"23":{"start":{"line":51,"column":8},"end":{"line":51,"column":56}},"24":{"start":{"line":53,"column":8},"end":{"line":53,"column":24}},"25":{"start":{"line":57,"column":0},"end":{"line":57,"column":44}}},"fnMap":{"0":{"name":"(anonymous_0)","decl":{"start":{"line":5,"column":4},"end":{"line":5,"column":5}},"loc":{"start":{"line":5,"column":30},"end":{"line":15,"column":2}},"line":5},"1":{"name":"(anonymous_1)","decl":{"start":{"line":17,"column":4},"end":{"line":17,"column":5}},"loc":{"start":{"line":17,"column":44},"end":{"line":35,"column":5}},"line":17},"2":{"name":"(anonymous_2)","decl":{"start":{"line":36,"column":4},"end":{"line":36,"column":5}},"loc":{"start":{"line":36,"column":27},"end":{"line":46,"column":5}},"line":36},"3":{"name":"(anonymous_3)","decl":{"start":{"line":48,"column":4},"end":{"line":48,"column":5}},"loc":{"start":{"line":48,"column":23},"end":{"line":54,"column":5}},"line":48}},"branchMap":{"0":{"loc":{"start":{"line":5,"column":16},"end":{"line":5,"column":28}},"type":"default-arg","locations":[{"start":{"line":5,"column":26},"end":{"line":5,"column":28}}],"line":5},"1":{"loc":{"start":{"line":8,"column":25},"end":{"line":8,"column":50}},"type":"binary-expr","locations":[{"start":{"line":8,"column":25},"end":{"line":8,"column":42}},{"start":{"line":8,"column":46},"end":{"line":8,"column":50}}],"line":8},"2":{"loc":{"start":{"line":12,"column":8},"end":{"line":14,"column":6}},"type":"if","locations":[{"start":{"line":12,"column":8},"end":{"line":14,"column":6}},{"start":{},"end":{}}],"line":12},"3":{"loc":{"start":{"line":21,"column":4},"end":{"line":34,"column":5}},"type":"if","locations":[{"start":{"line":21,"column":4},"end":{"line":34,"column":5}},{"start":{"line":31,"column":11},"end":{"line":34,"column":5}}],"line":21},"4":{"loc":{"start":{"line":39,"column":12},"end":{"line":41,"column":13}},"type":"if","locations":[{"start":{"line":39,"column":12},"end":{"line":41,"column":13}},{"start":{},"end":{}}],"line":39},"5":{"loc":{"start":{"line":49,"column":8},"end":{"line":49,"column":44}},"type":"if","locations":[{"start":{"line":49,"column":8},"end":{"line":49,"column":44}},{"start":{},"end":{}}],"line":49}},"s":{"0":0,"1":0,"2":0,"3":0,"4":0,"5":0,"6":0,"7":0,"8":0,"9":0,"10":0,"11":0,"12":0,"13":0,"14":0,"15":0,"16":0,"17":0,"18":0,"19":0,"20":0,"21":0,"22":0,"23":0,"24":0,"25":0},"f":{"0":0,"1":0,"2":0,"3":0},"b":{"0":[0],"1":[0,0],"2":[0,0],"3":[0,0],"4":[0,0],"5":[0,0]}}
,"C:\\Users\\s_13606_dev\\Desktop\\Projet-TP-Node-avancee\\src\\streams\\ProductValidationTransform.js": {"path":"C:\\Users\\s_13606_dev\\Desktop\\Projet-TP-Node-avancee\\src\\streams\\ProductValidationTransform.js","statementMap":{"0":{"start":{"line":2,"column":22},"end":{"line":2,"column":39}},"1":{"start":{"line":7,"column":8},"end":{"line":7,"column":48}},"2":{"start":{"line":11,"column":8},"end":{"line":42,"column":9}},"3":{"start":{"line":13,"column":25},"end":{"line":13,"column":60}},"4":{"start":{"line":14,"column":32},"end":{"line":14,"column":81}},"5":{"start":{"line":18,"column":26},"end":{"line":18,"column":49}},"6":{"start":{"line":19,"column":12},"end":{"line":21,"column":13}},"7":{"start":{"line":20,"column":16},"end":{"line":20,"column":34}},"8":{"start":{"line":23,"column":24},"end":{"line":23,"column":49}},"9":{"start":{"line":25,"column":12},"end":{"line":27,"column":13}},"10":{"start":{"line":26,"column":16},"end":{"line":26,"column":26}},"11":{"start":{"line":29,"column":33},"end":{"line":35,"column":13}},"12":{"start":{"line":37,"column":12},"end":{"line":37,"column":36}},"13":{"start":{"line":39,"column":12},"end":{"line":39,"column":23}},"14":{"start":{"line":41,"column":12},"end":{"line":41,"column":28}},"15":{"start":{"line":46,"column":0},"end":{"line":46,"column":44}}},"fnMap":{"0":{"name":"(anonymous_0)","decl":{"start":{"line":5,"column":4},"end":{"line":5,"column":5}},"loc":{"start":{"line":5,"column":25},"end":{"line":8,"column":5}},"line":5},"1":{"name":"(anonymous_1)","decl":{"start":{"line":10,"column":4},"end":{"line":10,"column":5}},"loc":{"start":{"line":10,"column":42},"end":{"line":43,"column":5}},"line":10}},"branchMap":{"0":{"loc":{"start":{"line":13,"column":25},"end":{"line":13,"column":60}},"type":"cond-expr","locations":[{"start":{"line":13,"column":38},"end":{"line":13,"column":55}},{"start":{"line":13,"column":58},"end":{"line":13,"column":60}}],"line":13},"1":{"loc":{"start":{"line":14,"column":32},"end":{"line":14,"column":81}},"type":"cond-expr","locations":[{"start":{"line":14,"column":52},"end":{"line":14,"column":76}},{"start":{"line":14,"column":79},"end":{"line":14,"column":81}}],"line":14},"2":{"loc":{"start":{"line":19,"column":12},"end":{"line":21,"column":13}},"type":"if","locations":[{"start":{"line":19,"column":12},"end":{"line":21,"column":13}},{"start":{},"end":{}}],"line":19},"3":{"loc":{"start":{"line":19,"column":16},"end":{"line":19,"column":41}},"type":"binary-expr","locations":[{"start":{"line":19,"column":16},"end":{"line":19,"column":28}},{"start":{"line":19,"column":32},"end":{"line":19,"column":41}}],"line":19},"4":{"loc":{"start":{"line":25,"column":12},"end":{"line":27,"column":13}},"type":"if","locations":[{"start":{"line":25,"column":12},"end":{"line":27,"column":13}},{"start":{},"end":{}}],"line":25},"5":{"loc":{"start":{"line":25,"column":16},"end":{"line":25,"column":41}},"type":"binary-expr","locations":[{"start":{"line":25,"column":16},"end":{"line":25,"column":28}},{"start":{"line":25,"column":32},"end":{"line":25,"column":41}}],"line":25}},"s":{"0":0,"1":0,"2":0,"3":0,"4":0,"5":0,"6":0,"7":0,"8":0,"9":0,"10":0,"11":0,"12":0,"13":0,"14":0,"15":0},"f":{"0":0,"1":0},"b":{"0":[0,0],"1":[0,0],"2":[0,0],"3":[0,0],"4":[0,0],"5":[0,0]}}
,"C:\\Users\\s_13606_dev\\Desktop\\Projet-TP-Node-avancee\\src\\workers\\piscinaWorker.js": {"path":"C:\\Users\\s_13606_dev\\Desktop\\Projet-TP-Node-avancee\\src\\workers\\piscinaWorker.js","statementMap":{"0":{"start":{"line":2,"column":4},"end":{"line":2,"column":50}},"1":{"start":{"line":3,"column":18},"end":{"line":3,"column":28}},"2":{"start":{"line":5,"column":14},"end":{"line":5,"column":15}},"3":{"start":{"line":6,"column":4},"end":{"line":6,"column":47}},"4":{"start":{"line":6,"column":17},"end":{"line":6,"column":18}},"5":{"start":{"line":6,"column":41},"end":{"line":6,"column":47}},"6":{"start":{"line":8,"column":4},"end":{"line":8,"column":30}},"7":{"start":{"line":11,"column":0},"end":{"line":11,"column":66}},"8":{"start":{"line":11,"column":37},"end":{"line":11,"column":65}}},"fnMap":{"0":{"name":"heavyComputation","decl":{"start":{"line":1,"column":9},"end":{"line":1,"column":25}},"loc":{"start":{"line":1,"column":38},"end":{"line":9,"column":1}},"line":1},"1":{"name":"(anonymous_1)","decl":{"start":{"line":11,"column":17},"end":{"line":11,"column":18}},"loc":{"start":{"line":11,"column":37},"end":{"line":11,"column":65}},"line":11}},"branchMap":{},"s":{"0":0,"1":0,"2":0,"3":0,"4":0,"5":0,"6":0,"7":0,"8":0},"f":{"0":0,"1":0},"b":{}}
,"C:\\Users\\s_13606_dev\\Desktop\\Projet-TP-Node-avancee\\src\\workers\\worker.js": {"path":"C:\\Users\\s_13606_dev\\Desktop\\Projet-TP-Node-avancee\\src\\workers\\worker.js","statementMap":{"0":{"start":{"line":1,"column":35},"end":{"line":1,"column":60}},"1":{"start":{"line":4,"column":4},"end":{"line":4,"column":56}},"2":{"start":{"line":5,"column":18},"end":{"line":5,"column":28}},"3":{"start":{"line":7,"column":14},"end":{"line":7,"column":15}},"4":{"start":{"line":8,"column":4},"end":{"line":8,"column":47}},"5":{"start":{"line":8,"column":17},"end":{"line":8,"column":18}},"6":{"start":{"line":8,"column":41},"end":{"line":8,"column":47}},"7":{"start":{"line":10,"column":4},"end":{"line":10,"column":30}},"8":{"start":{"line":13,"column":15},"end":{"line":13,"column":54}},"9":{"start":{"line":14,"column":0},"end":{"line":14,"column":31}}},"fnMap":{"0":{"name":"heavyComputation","decl":{"start":{"line":3,"column":9},"end":{"line":3,"column":25}},"loc":{"start":{"line":3,"column":38},"end":{"line":11,"column":1}},"line":3}},"branchMap":{},"s":{"0":0,"1":0,"2":0,"3":0,"4":0,"5":0,"6":0,"7":0,"8":0,"9":0},"f":{"0":0},"b":{}}
}
